[main] INFO nopCommerce_Cucumber - ****** Opening URL ******
[main] INFO nopCommerce_Cucumber - ****** Providing credentials ******
[main] INFO nopCommerce_Cucumber - ****** Login passed ******
[main] INFO nopCommerce_Cucumber - ****** Adding new Customer ******
[main] INFO nopCommerce_Cucumber - ****** Saved successfully ******
[main] INFO nopCommerce_Cucumber - ****** Test passed ******
[main] INFO nopCommerce_Cucumber - ****** Launching the Browser ******
[main] INFO nopCommerce_Cucumber - ****** Launching the Browser ******
[main] INFO nopCommerce_Cucumber - ****** Launching the Browser ******
[main] INFO nopCommerce_Cucumber - ****** Launching the Browser ******
[main] INFO nopCommerce_Cucumber - ****** Launching the Browser ******
[main] INFO nopCommerce_Cucumber - ****** Opening URL ******
[main] INFO nopCommerce_Cucumber - ****** Providing credentials ******
[main] INFO nopCommerce_Cucumber - ****** Login passed ******
[main] INFO nopCommerce_Cucumber - ****** Adding new Customer ******
[main] INFO nopCommerce_Cucumber - ****** Saved successfully ******
[main] INFO nopCommerce_Cucumber - ****** Test passed ******
[main] INFO nopCommerce_Cucumber - ****** Launching the Browser ******
[main] INFO nopCommerce_Cucumber - ****** Launching the Browser ******
[main] INFO nopCommerce_Cucumber - ****** Opening URL ******
[main] INFO nopCommerce_Cucumber - ****** Providing credentials ******
[main] INFO nopCommerce_Cucumber - ****** Login passed ******
[main] INFO nopCommerce_Cucumber - ****** Adding new Customer ******
[main] INFO nopCommerce_Cucumber - ****** Saved successfully ******
[main] INFO nopCommerce_Cucumber - ****** Test passed ******
[main] INFO nopCommerce_Cucumber - ****** Launching the Browser ******
[main] INFO nopCommerce_Cucumber - ****** Opening URL ******
[main] INFO nopCommerce_Cucumber - ****** Providing credentials ******
[main] INFO nopCommerce_Cucumber - ****** Login passed ******
[main] INFO nopCommerce_Cucumber - ****** Adding new Customer ******
[main] INFO nopCommerce_Cucumber - ****** Saved successfully ******
[main] INFO nopCommerce_Cucumber - ****** Test passed ******
[main] INFO nopCommerce_Cucumber - ****** Launching the Browser ******
[main] INFO nopCommerce_Cucumber - ****** Opening URL ******
[main] INFO nopCommerce_Cucumber - ****** Providing credentials ******
[main] INFO nopCommerce_Cucumber - ****** Login passed ******
[main] INFO nopCommerce_Cucumber - ****** Adding new Customer ******
[main] INFO nopCommerce_Cucumber - ****** Saved successfully ******
[main] INFO nopCommerce_Cucumber - ****** Test passed ******
[main] INFO nopCommerce_Cucumber - ****** Launching the Browser ******
[main] INFO nopCommerce_Cucumber - ****** Opening URL ******
[main] INFO nopCommerce_Cucumber - ****** Providing credentials ******
[main] INFO nopCommerce_Cucumber - ****** Login passed ******
[main] INFO nopCommerce_Cucumber - ****** Adding new Customer ******
[main] INFO nopCommerce_Cucumber - ****** Saved successfully ******
[main] INFO nopCommerce_Cucumber - ****** Test passed ******
[main] INFO nopCommerce_Cucumber - ****** Launching the Browser ******
[main] INFO nopCommerce_Cucumber - ****** Opening URL ******
[main] INFO nopCommerce_Cucumber - ****** Launching the Browser ******
[main] INFO nopCommerce_Cucumber - ****** Opening URL ******
[main] INFO nopCommerce_Cucumber - ****** Launching the Browser ******
[main] INFO nopCommerce_Cucumber - ****** Opening URL ******
[main] INFO nopCommerce_Cucumber - ****** Providing credentials ******
[main] INFO nopCommerce_Cucumber - ****** Login passed ******
[main] INFO nopCommerce_Cucumber - ****** Adding new Customer ******
[main] INFO nopCommerce_Cucumber - ****** Saved successfully ******
[main] INFO nopCommerce_Cucumber - ****** Test passed ******
[main] INFO nopCommerce_Cucumber - ****** Launching the Browser ******
[main] INFO nopCommerce_Cucumber - ****** Opening URL ******
[main] INFO nopCommerce_Cucumber - ****** Launching the Browser ******
[main] INFO nopCommerce_Cucumber - ****** Opening URL ******
[main] INFO nopCommerce_Cucumber - ****** Launching the Browser ******
[main] INFO nopCommerce_Cucumber - ****** Opening URL ******
[main] INFO nopCommerce_Cucumber - ****** Launching the Browser ******
[main] INFO nopCommerce_Cucumber - ****** Opening URL ******
[main] INFO nopCommerce_Cucumber - ****** Launching the Browser ******
[main] INFO nopCommerce_Cucumber - ****** Opening URL ******
[main] INFO nopCommerce_Cucumber - ****** Launching the Browser ******
[main] INFO nopCommerce_Cucumber - ****** Opening URL ******
[main] INFO nopCommerce_Cucumber - ****** Providing credentials ******
[main] INFO nopCommerce_Cucumber - ****** Login passed ******
[main] INFO nopCommerce_Cucumber - ****** Adding new Customer ******
[main] INFO nopCommerce_Cucumber - ****** Saved successfully ******
[main] INFO nopCommerce_Cucumber - ****** Test passed ******
